<html>
<head>
<title>TestNG:  Test2</title>
<link href="../testng.css" rel="stylesheet" type="text/css" />
<link href="../my-testng.css" rel="stylesheet" type="text/css" />

<style type="text/css">
.log { display: none;} 
.stack-trace { display: none;} 
</style>
<script type="text/javascript">
<!--
function flip(e) {
  current = e.style.display;
  if (current == 'block') {
    e.style.display = 'none';
    return 0;
  }
  else {
    e.style.display = 'block';
    return 1;
  }
}

function toggleBox(szDivId, elem, msg1, msg2)
{
  var res = -1;  if (document.getElementById) {
    res = flip(document.getElementById(szDivId));
  }
  else if (document.all) {
    // this is the way old msie versions work
    res = flip(document.all[szDivId]);
  }
  if(elem) {
    if(res == 0) elem.innerHTML = msg1; else elem.innerHTML = msg2;
  }

}

function toggleAllBoxes() {
  if (document.getElementsByTagName) {
    d = document.getElementsByTagName('div');
    for (i = 0; i < d.length; i++) {
      if (d[i].className == 'log') {
        flip(d[i]);
      }
    }
  }
}

// -->
</script>

</head>
<body>
<h2 align='center'>Test2</h2><table border='1' align="center">
<tr>
<td>Tests passed/Failed/Skipped:</td><td>5/0/6</td>
</tr><tr>
<td>Started on:</td><td>Fri Jul 12 18:45:12 CST 2019</td>
</tr>
<tr><td>Total time:</td><td>122 seconds (122955 ms)</td>
</tr><tr>
<td>Included groups:</td><td></td>
</tr><tr>
<td>Excluded groups:</td><td></td>
</tr>
</table><p/>
<small><i>(Hover the method name to see the test class name)</i></small><p/>
<table width='100%' border='1' class='invocation-failed'>
<tr><td colspan='4' align='center'><b>FAILED TESTS</b></td></tr>
<tr><td><b>Test method</b></td>
<td width="30%"><b>Exception</b></td>
<td width="10%"><b>Time (seconds)</b></td>
<td><b>Instance</b></td>
</tr>
<tr>
<td title='com.f.dianqingoa.testcase.SuiteTest003_SwitchTitle.test05_switchApeAsk()'><b>test05_switchApeAsk</b><br>Test class: com.f.dianqingoa.testcase.SuiteTest003_SwitchTitle</td>
<td><div><pre>java.lang.AssertionError: 跳转转失败！！！ expected [true] but found [false]
	at com.f.dianqingoa.testcase.SuiteTest003_SwitchTitle.test05_switchApeAsk(SuiteTest003_SwitchTitle.java:113)
	at java.util.concurrent.ThreadPoolExecutor.runWorker(ThreadPoolExecutor.java:1142)
	at java.util.concurrent.ThreadPoolExecutor$Worker.run(ThreadPoolExecutor.java:617)
	at java.lang.Thread.run(Thread.java:745)
... Removed 13 stack frames</pre></div><a href='#' onClick='toggleBox("stack-trace1129066566", this, "Click to show all stack frames", "Click to hide stack frames")'>Click to show all stack frames</a>
<div class='stack-trace' id='stack-trace1129066566'><pre>java.lang.AssertionError: 跳转转失败！！！ expected [true] but found [false]
	at org.testng.Assert.fail(Assert.java:96)
	at org.testng.Assert.failNotEquals(Assert.java:776)
	at org.testng.Assert.assertTrue(Assert.java:44)
	at com.f.dianqingoa.testcase.SuiteTest003_SwitchTitle.test05_switchApeAsk(SuiteTest003_SwitchTitle.java:113)
	at sun.reflect.NativeMethodAccessorImpl.invoke0(Native Method)
	at sun.reflect.NativeMethodAccessorImpl.invoke(NativeMethodAccessorImpl.java:62)
	at sun.reflect.DelegatingMethodAccessorImpl.invoke(DelegatingMethodAccessorImpl.java:43)
	at java.lang.reflect.Method.invoke(Method.java:498)
	at org.testng.internal.MethodInvocationHelper.invokeMethod(MethodInvocationHelper.java:124)
	at org.testng.internal.Invoker.invokeMethod(Invoker.java:580)
	at org.testng.internal.Invoker.retryFailed(Invoker.java:838)
	at org.testng.internal.Invoker.invokeTestMethods(Invoker.java:1009)
	at org.testng.internal.TestMethodWorker.invokeTestMethods(TestMethodWorker.java:125)
	at org.testng.internal.TestMethodWorker.run(TestMethodWorker.java:109)
	at java.util.concurrent.ThreadPoolExecutor.runWorker(ThreadPoolExecutor.java:1142)
	at java.util.concurrent.ThreadPoolExecutor$Worker.run(ThreadPoolExecutor.java:617)
	at java.lang.Thread.run(Thread.java:745)
</pre></div></td>
<td>3</td>
<td>com.f.dianqingoa.testcase.SuiteTest003_SwitchTitle@6950e31</td></tr>
<tr>
<td title='com.f.dianqingoa.testcase.SuiteTest003_SwitchTitle.test06_switchNotes()'><b>test06_switchNotes</b><br>Test class: com.f.dianqingoa.testcase.SuiteTest003_SwitchTitle</td>
<td><div><pre>java.lang.AssertionError: 跳转转失败！！！ expected [true] but found [false]
	at com.f.dianqingoa.testcase.SuiteTest003_SwitchTitle.test06_switchNotes(SuiteTest003_SwitchTitle.java:122)
	at java.util.concurrent.ThreadPoolExecutor.runWorker(ThreadPoolExecutor.java:1142)
	at java.util.concurrent.ThreadPoolExecutor$Worker.run(ThreadPoolExecutor.java:617)
	at java.lang.Thread.run(Thread.java:745)
... Removed 13 stack frames</pre></div><a href='#' onClick='toggleBox("stack-trace1384147801", this, "Click to show all stack frames", "Click to hide stack frames")'>Click to show all stack frames</a>
<div class='stack-trace' id='stack-trace1384147801'><pre>java.lang.AssertionError: 跳转转失败！！！ expected [true] but found [false]
	at org.testng.Assert.fail(Assert.java:96)
	at org.testng.Assert.failNotEquals(Assert.java:776)
	at org.testng.Assert.assertTrue(Assert.java:44)
	at com.f.dianqingoa.testcase.SuiteTest003_SwitchTitle.test06_switchNotes(SuiteTest003_SwitchTitle.java:122)
	at sun.reflect.NativeMethodAccessorImpl.invoke0(Native Method)
	at sun.reflect.NativeMethodAccessorImpl.invoke(NativeMethodAccessorImpl.java:62)
	at sun.reflect.DelegatingMethodAccessorImpl.invoke(DelegatingMethodAccessorImpl.java:43)
	at java.lang.reflect.Method.invoke(Method.java:498)
	at org.testng.internal.MethodInvocationHelper.invokeMethod(MethodInvocationHelper.java:124)
	at org.testng.internal.Invoker.invokeMethod(Invoker.java:580)
	at org.testng.internal.Invoker.retryFailed(Invoker.java:838)
	at org.testng.internal.Invoker.invokeTestMethods(Invoker.java:1009)
	at org.testng.internal.TestMethodWorker.invokeTestMethods(TestMethodWorker.java:125)
	at org.testng.internal.TestMethodWorker.run(TestMethodWorker.java:109)
	at java.util.concurrent.ThreadPoolExecutor.runWorker(ThreadPoolExecutor.java:1142)
	at java.util.concurrent.ThreadPoolExecutor$Worker.run(ThreadPoolExecutor.java:617)
	at java.lang.Thread.run(Thread.java:745)
</pre></div></td>
<td>1</td>
<td>com.f.dianqingoa.testcase.SuiteTest003_SwitchTitle@6950e31</td></tr>
</table><p>
<table width='100%' border='1' class='invocation-passed'>
<tr><td colspan='4' align='center'><b>PASSED TESTS</b></td></tr>
<tr><td><b>Test method</b></td>
<td width="30%"><b>Exception</b></td>
<td width="10%"><b>Time (seconds)</b></td>
<td><b>Instance</b></td>
</tr>
<tr>
<td title='com.f.dianqingoa.testcase.SuiteTest003_SwitchTitle.test01_switchCourse()'><b>test01_switchCourse</b><br>Test class: com.f.dianqingoa.testcase.SuiteTest003_SwitchTitle</td>
<td></td>
<td>7</td>
<td>com.f.dianqingoa.testcase.SuiteTest003_SwitchTitle@6950e31</td></tr>
<tr>
<td title='com.f.dianqingoa.testcase.SuiteTest003_SwitchTitle.test02_switchPracticalCourse()'><b>test02_switchPracticalCourse</b><br>Test class: com.f.dianqingoa.testcase.SuiteTest003_SwitchTitle</td>
<td></td>
<td>9</td>
<td>com.f.dianqingoa.testcase.SuiteTest003_SwitchTitle@6950e31</td></tr>
<tr>
<td title='com.f.dianqingoa.testcase.SuiteTest003_SwitchTitle.test03_switchEmploymentClasses()'><b>test03_switchEmploymentClasses</b><br>Test class: com.f.dianqingoa.testcase.SuiteTest003_SwitchTitle</td>
<td></td>
<td>11</td>
<td>com.f.dianqingoa.testcase.SuiteTest003_SwitchTitle@6950e31</td></tr>
<tr>
<td title='com.f.dianqingoa.testcase.SuiteTest003_SwitchTitle.test04_switchSpecialColumn()'><b>test04_switchSpecialColumn</b><br>Test class: com.f.dianqingoa.testcase.SuiteTest003_SwitchTitle</td>
<td></td>
<td>6</td>
<td>com.f.dianqingoa.testcase.SuiteTest003_SwitchTitle@6950e31</td></tr>
<tr>
<td title='com.f.dianqingoa.testcase.SuiteTest002_Logout.testLogout()'><b>testLogout</b><br>Test class: com.f.dianqingoa.testcase.SuiteTest002_Logout</td>
<td></td>
<td>6</td>
<td>com.f.dianqingoa.testcase.SuiteTest002_Logout@2db7a79b</td></tr>
</table><p>
<table width='100%' border='1' class='invocation-skipped'>
<tr><td colspan='4' align='center'><b>SKIPPED TESTS</b></td></tr>
<tr><td><b>Test method</b></td>
<td width="30%"><b>Exception</b></td>
<td width="10%"><b>Time (seconds)</b></td>
<td><b>Instance</b></td>
</tr>
<tr>
<td title='com.f.dianqingoa.testcase.SuiteTest003_SwitchTitle.test05_switchApeAsk()'><b>test05_switchApeAsk</b><br>Test class: com.f.dianqingoa.testcase.SuiteTest003_SwitchTitle<br/>
<a href="#Output-516835377" onClick='toggleBox("Output-516835377", this, "Show output", "Hide output");'>Show output</a>

<a href="#Output-516835377" onClick="toggleAllBoxes();">Show all outputs</a>
<div class='log' id="Output-516835377">
RunCount=1<br/>
</div>
</td>
<td><div><pre>java.lang.AssertionError: 跳转转失败！！！ expected [true] but found [false]
	at com.f.dianqingoa.testcase.SuiteTest003_SwitchTitle.test05_switchApeAsk(SuiteTest003_SwitchTitle.java:113)
	at java.util.concurrent.ThreadPoolExecutor.runWorker(ThreadPoolExecutor.java:1142)
	at java.util.concurrent.ThreadPoolExecutor$Worker.run(ThreadPoolExecutor.java:617)
	at java.lang.Thread.run(Thread.java:745)
... Removed 13 stack frames</pre></div><a href='#' onClick='toggleBox("stack-trace516835377", this, "Click to show all stack frames", "Click to hide stack frames")'>Click to show all stack frames</a>
<div class='stack-trace' id='stack-trace516835377'><pre>java.lang.AssertionError: 跳转转失败！！！ expected [true] but found [false]
	at org.testng.Assert.fail(Assert.java:96)
	at org.testng.Assert.failNotEquals(Assert.java:776)
	at org.testng.Assert.assertTrue(Assert.java:44)
	at com.f.dianqingoa.testcase.SuiteTest003_SwitchTitle.test05_switchApeAsk(SuiteTest003_SwitchTitle.java:113)
	at sun.reflect.NativeMethodAccessorImpl.invoke0(Native Method)
	at sun.reflect.NativeMethodAccessorImpl.invoke(NativeMethodAccessorImpl.java:62)
	at sun.reflect.DelegatingMethodAccessorImpl.invoke(DelegatingMethodAccessorImpl.java:43)
	at java.lang.reflect.Method.invoke(Method.java:498)
	at org.testng.internal.MethodInvocationHelper.invokeMethod(MethodInvocationHelper.java:124)
	at org.testng.internal.Invoker.invokeMethod(Invoker.java:580)
	at org.testng.internal.Invoker.invokeTestMethod(Invoker.java:716)
	at org.testng.internal.Invoker.invokeTestMethods(Invoker.java:988)
	at org.testng.internal.TestMethodWorker.invokeTestMethods(TestMethodWorker.java:125)
	at org.testng.internal.TestMethodWorker.run(TestMethodWorker.java:109)
	at java.util.concurrent.ThreadPoolExecutor.runWorker(ThreadPoolExecutor.java:1142)
	at java.util.concurrent.ThreadPoolExecutor$Worker.run(ThreadPoolExecutor.java:617)
	at java.lang.Thread.run(Thread.java:745)
</pre></div></td>
<td>3</td>
<td>com.f.dianqingoa.testcase.SuiteTest003_SwitchTitle@6950e31</td></tr>
<tr>
<td title='com.f.dianqingoa.testcase.SuiteTest003_SwitchTitle.test05_switchApeAsk()'><b>test05_switchApeAsk</b><br>Test class: com.f.dianqingoa.testcase.SuiteTest003_SwitchTitle<br/>
<a href="#Output-253555922" onClick='toggleBox("Output-253555922", this, "Show output", "Hide output");'>Show output</a>

<a href="#Output-253555922" onClick="toggleAllBoxes();">Show all outputs</a>
<div class='log' id="Output-253555922">
RunCount=2<br/>
</div>
</td>
<td><div><pre>java.lang.AssertionError: 跳转转失败！！！ expected [true] but found [false]
	at com.f.dianqingoa.testcase.SuiteTest003_SwitchTitle.test05_switchApeAsk(SuiteTest003_SwitchTitle.java:113)
	at java.util.concurrent.ThreadPoolExecutor.runWorker(ThreadPoolExecutor.java:1142)
	at java.util.concurrent.ThreadPoolExecutor$Worker.run(ThreadPoolExecutor.java:617)
	at java.lang.Thread.run(Thread.java:745)
... Removed 13 stack frames</pre></div><a href='#' onClick='toggleBox("stack-trace253555922", this, "Click to show all stack frames", "Click to hide stack frames")'>Click to show all stack frames</a>
<div class='stack-trace' id='stack-trace253555922'><pre>java.lang.AssertionError: 跳转转失败！！！ expected [true] but found [false]
	at org.testng.Assert.fail(Assert.java:96)
	at org.testng.Assert.failNotEquals(Assert.java:776)
	at org.testng.Assert.assertTrue(Assert.java:44)
	at com.f.dianqingoa.testcase.SuiteTest003_SwitchTitle.test05_switchApeAsk(SuiteTest003_SwitchTitle.java:113)
	at sun.reflect.NativeMethodAccessorImpl.invoke0(Native Method)
	at sun.reflect.NativeMethodAccessorImpl.invoke(NativeMethodAccessorImpl.java:62)
	at sun.reflect.DelegatingMethodAccessorImpl.invoke(DelegatingMethodAccessorImpl.java:43)
	at java.lang.reflect.Method.invoke(Method.java:498)
	at org.testng.internal.MethodInvocationHelper.invokeMethod(MethodInvocationHelper.java:124)
	at org.testng.internal.Invoker.invokeMethod(Invoker.java:580)
	at org.testng.internal.Invoker.retryFailed(Invoker.java:838)
	at org.testng.internal.Invoker.invokeTestMethods(Invoker.java:1009)
	at org.testng.internal.TestMethodWorker.invokeTestMethods(TestMethodWorker.java:125)
	at org.testng.internal.TestMethodWorker.run(TestMethodWorker.java:109)
	at java.util.concurrent.ThreadPoolExecutor.runWorker(ThreadPoolExecutor.java:1142)
	at java.util.concurrent.ThreadPoolExecutor$Worker.run(ThreadPoolExecutor.java:617)
	at java.lang.Thread.run(Thread.java:745)
</pre></div></td>
<td>1</td>
<td>com.f.dianqingoa.testcase.SuiteTest003_SwitchTitle@6950e31</td></tr>
<tr>
<td title='com.f.dianqingoa.testcase.SuiteTest003_SwitchTitle.test05_switchApeAsk()'><b>test05_switchApeAsk</b><br>Test class: com.f.dianqingoa.testcase.SuiteTest003_SwitchTitle<br/>
<a href="#Output-1005775433" onClick='toggleBox("Output-1005775433", this, "Show output", "Hide output");'>Show output</a>

<a href="#Output-1005775433" onClick="toggleAllBoxes();">Show all outputs</a>
<div class='log' id="Output-1005775433">
RunCount=3<br/>
</div>
</td>
<td><div><pre>java.lang.AssertionError: 跳转转失败！！！ expected [true] but found [false]
	at com.f.dianqingoa.testcase.SuiteTest003_SwitchTitle.test05_switchApeAsk(SuiteTest003_SwitchTitle.java:113)
	at java.util.concurrent.ThreadPoolExecutor.runWorker(ThreadPoolExecutor.java:1142)
	at java.util.concurrent.ThreadPoolExecutor$Worker.run(ThreadPoolExecutor.java:617)
	at java.lang.Thread.run(Thread.java:745)
... Removed 13 stack frames</pre></div><a href='#' onClick='toggleBox("stack-trace1005775433", this, "Click to show all stack frames", "Click to hide stack frames")'>Click to show all stack frames</a>
<div class='stack-trace' id='stack-trace1005775433'><pre>java.lang.AssertionError: 跳转转失败！！！ expected [true] but found [false]
	at org.testng.Assert.fail(Assert.java:96)
	at org.testng.Assert.failNotEquals(Assert.java:776)
	at org.testng.Assert.assertTrue(Assert.java:44)
	at com.f.dianqingoa.testcase.SuiteTest003_SwitchTitle.test05_switchApeAsk(SuiteTest003_SwitchTitle.java:113)
	at sun.reflect.NativeMethodAccessorImpl.invoke0(Native Method)
	at sun.reflect.NativeMethodAccessorImpl.invoke(NativeMethodAccessorImpl.java:62)
	at sun.reflect.DelegatingMethodAccessorImpl.invoke(DelegatingMethodAccessorImpl.java:43)
	at java.lang.reflect.Method.invoke(Method.java:498)
	at org.testng.internal.MethodInvocationHelper.invokeMethod(MethodInvocationHelper.java:124)
	at org.testng.internal.Invoker.invokeMethod(Invoker.java:580)
	at org.testng.internal.Invoker.retryFailed(Invoker.java:838)
	at org.testng.internal.Invoker.invokeTestMethods(Invoker.java:1009)
	at org.testng.internal.TestMethodWorker.invokeTestMethods(TestMethodWorker.java:125)
	at org.testng.internal.TestMethodWorker.run(TestMethodWorker.java:109)
	at java.util.concurrent.ThreadPoolExecutor.runWorker(ThreadPoolExecutor.java:1142)
	at java.util.concurrent.ThreadPoolExecutor$Worker.run(ThreadPoolExecutor.java:617)
	at java.lang.Thread.run(Thread.java:745)
</pre></div></td>
<td>2</td>
<td>com.f.dianqingoa.testcase.SuiteTest003_SwitchTitle@6950e31</td></tr>
<tr>
<td title='com.f.dianqingoa.testcase.SuiteTest003_SwitchTitle.test06_switchNotes()'><b>test06_switchNotes</b><br>Test class: com.f.dianqingoa.testcase.SuiteTest003_SwitchTitle<br/>
<a href="#Output-337850818" onClick='toggleBox("Output-337850818", this, "Show output", "Hide output");'>Show output</a>

<a href="#Output-337850818" onClick="toggleAllBoxes();">Show all outputs</a>
<div class='log' id="Output-337850818">
RunCount=1<br/>
</div>
</td>
<td><div><pre>java.lang.AssertionError: 跳转转失败！！！ expected [true] but found [false]
	at com.f.dianqingoa.testcase.SuiteTest003_SwitchTitle.test06_switchNotes(SuiteTest003_SwitchTitle.java:122)
	at java.util.concurrent.ThreadPoolExecutor.runWorker(ThreadPoolExecutor.java:1142)
	at java.util.concurrent.ThreadPoolExecutor$Worker.run(ThreadPoolExecutor.java:617)
	at java.lang.Thread.run(Thread.java:745)
... Removed 13 stack frames</pre></div><a href='#' onClick='toggleBox("stack-trace337850818", this, "Click to show all stack frames", "Click to hide stack frames")'>Click to show all stack frames</a>
<div class='stack-trace' id='stack-trace337850818'><pre>java.lang.AssertionError: 跳转转失败！！！ expected [true] but found [false]
	at org.testng.Assert.fail(Assert.java:96)
	at org.testng.Assert.failNotEquals(Assert.java:776)
	at org.testng.Assert.assertTrue(Assert.java:44)
	at com.f.dianqingoa.testcase.SuiteTest003_SwitchTitle.test06_switchNotes(SuiteTest003_SwitchTitle.java:122)
	at sun.reflect.NativeMethodAccessorImpl.invoke0(Native Method)
	at sun.reflect.NativeMethodAccessorImpl.invoke(NativeMethodAccessorImpl.java:62)
	at sun.reflect.DelegatingMethodAccessorImpl.invoke(DelegatingMethodAccessorImpl.java:43)
	at java.lang.reflect.Method.invoke(Method.java:498)
	at org.testng.internal.MethodInvocationHelper.invokeMethod(MethodInvocationHelper.java:124)
	at org.testng.internal.Invoker.invokeMethod(Invoker.java:580)
	at org.testng.internal.Invoker.invokeTestMethod(Invoker.java:716)
	at org.testng.internal.Invoker.invokeTestMethods(Invoker.java:988)
	at org.testng.internal.TestMethodWorker.invokeTestMethods(TestMethodWorker.java:125)
	at org.testng.internal.TestMethodWorker.run(TestMethodWorker.java:109)
	at java.util.concurrent.ThreadPoolExecutor.runWorker(ThreadPoolExecutor.java:1142)
	at java.util.concurrent.ThreadPoolExecutor$Worker.run(ThreadPoolExecutor.java:617)
	at java.lang.Thread.run(Thread.java:745)
</pre></div></td>
<td>4</td>
<td>com.f.dianqingoa.testcase.SuiteTest003_SwitchTitle@6950e31</td></tr>
<tr>
<td title='com.f.dianqingoa.testcase.SuiteTest003_SwitchTitle.test06_switchNotes()'><b>test06_switchNotes</b><br>Test class: com.f.dianqingoa.testcase.SuiteTest003_SwitchTitle<br/>
<a href="#Output-75502011" onClick='toggleBox("Output-75502011", this, "Show output", "Hide output");'>Show output</a>

<a href="#Output-75502011" onClick="toggleAllBoxes();">Show all outputs</a>
<div class='log' id="Output-75502011">
RunCount=2<br/>
</div>
</td>
<td><div><pre>java.lang.AssertionError: 跳转转失败！！！ expected [true] but found [false]
	at com.f.dianqingoa.testcase.SuiteTest003_SwitchTitle.test06_switchNotes(SuiteTest003_SwitchTitle.java:122)
	at java.util.concurrent.ThreadPoolExecutor.runWorker(ThreadPoolExecutor.java:1142)
	at java.util.concurrent.ThreadPoolExecutor$Worker.run(ThreadPoolExecutor.java:617)
	at java.lang.Thread.run(Thread.java:745)
... Removed 13 stack frames</pre></div><a href='#' onClick='toggleBox("stack-trace75502011", this, "Click to show all stack frames", "Click to hide stack frames")'>Click to show all stack frames</a>
<div class='stack-trace' id='stack-trace75502011'><pre>java.lang.AssertionError: 跳转转失败！！！ expected [true] but found [false]
	at org.testng.Assert.fail(Assert.java:96)
	at org.testng.Assert.failNotEquals(Assert.java:776)
	at org.testng.Assert.assertTrue(Assert.java:44)
	at com.f.dianqingoa.testcase.SuiteTest003_SwitchTitle.test06_switchNotes(SuiteTest003_SwitchTitle.java:122)
	at sun.reflect.NativeMethodAccessorImpl.invoke0(Native Method)
	at sun.reflect.NativeMethodAccessorImpl.invoke(NativeMethodAccessorImpl.java:62)
	at sun.reflect.DelegatingMethodAccessorImpl.invoke(DelegatingMethodAccessorImpl.java:43)
	at java.lang.reflect.Method.invoke(Method.java:498)
	at org.testng.internal.MethodInvocationHelper.invokeMethod(MethodInvocationHelper.java:124)
	at org.testng.internal.Invoker.invokeMethod(Invoker.java:580)
	at org.testng.internal.Invoker.retryFailed(Invoker.java:838)
	at org.testng.internal.Invoker.invokeTestMethods(Invoker.java:1009)
	at org.testng.internal.TestMethodWorker.invokeTestMethods(TestMethodWorker.java:125)
	at org.testng.internal.TestMethodWorker.run(TestMethodWorker.java:109)
	at java.util.concurrent.ThreadPoolExecutor.runWorker(ThreadPoolExecutor.java:1142)
	at java.util.concurrent.ThreadPoolExecutor$Worker.run(ThreadPoolExecutor.java:617)
	at java.lang.Thread.run(Thread.java:745)
</pre></div></td>
<td>4</td>
<td>com.f.dianqingoa.testcase.SuiteTest003_SwitchTitle@6950e31</td></tr>
<tr>
<td title='com.f.dianqingoa.testcase.SuiteTest003_SwitchTitle.test06_switchNotes()'><b>test06_switchNotes</b><br>Test class: com.f.dianqingoa.testcase.SuiteTest003_SwitchTitle<br/>
<a href="#Output-1956663499" onClick='toggleBox("Output-1956663499", this, "Show output", "Hide output");'>Show output</a>

<a href="#Output-1956663499" onClick="toggleAllBoxes();">Show all outputs</a>
<div class='log' id="Output-1956663499">
RunCount=3<br/>
</div>
</td>
<td><div><pre>java.lang.AssertionError: 跳转转失败！！！ expected [true] but found [false]
	at com.f.dianqingoa.testcase.SuiteTest003_SwitchTitle.test06_switchNotes(SuiteTest003_SwitchTitle.java:122)
	at java.util.concurrent.ThreadPoolExecutor.runWorker(ThreadPoolExecutor.java:1142)
	at java.util.concurrent.ThreadPoolExecutor$Worker.run(ThreadPoolExecutor.java:617)
	at java.lang.Thread.run(Thread.java:745)
... Removed 13 stack frames</pre></div><a href='#' onClick='toggleBox("stack-trace1956663499", this, "Click to show all stack frames", "Click to hide stack frames")'>Click to show all stack frames</a>
<div class='stack-trace' id='stack-trace1956663499'><pre>java.lang.AssertionError: 跳转转失败！！！ expected [true] but found [false]
	at org.testng.Assert.fail(Assert.java:96)
	at org.testng.Assert.failNotEquals(Assert.java:776)
	at org.testng.Assert.assertTrue(Assert.java:44)
	at com.f.dianqingoa.testcase.SuiteTest003_SwitchTitle.test06_switchNotes(SuiteTest003_SwitchTitle.java:122)
	at sun.reflect.NativeMethodAccessorImpl.invoke0(Native Method)
	at sun.reflect.NativeMethodAccessorImpl.invoke(NativeMethodAccessorImpl.java:62)
	at sun.reflect.DelegatingMethodAccessorImpl.invoke(DelegatingMethodAccessorImpl.java:43)
	at java.lang.reflect.Method.invoke(Method.java:498)
	at org.testng.internal.MethodInvocationHelper.invokeMethod(MethodInvocationHelper.java:124)
	at org.testng.internal.Invoker.invokeMethod(Invoker.java:580)
	at org.testng.internal.Invoker.retryFailed(Invoker.java:838)
	at org.testng.internal.Invoker.invokeTestMethods(Invoker.java:1009)
	at org.testng.internal.TestMethodWorker.invokeTestMethods(TestMethodWorker.java:125)
	at org.testng.internal.TestMethodWorker.run(TestMethodWorker.java:109)
	at java.util.concurrent.ThreadPoolExecutor.runWorker(ThreadPoolExecutor.java:1142)
	at java.util.concurrent.ThreadPoolExecutor$Worker.run(ThreadPoolExecutor.java:617)
	at java.lang.Thread.run(Thread.java:745)
</pre></div></td>
<td>2</td>
<td>com.f.dianqingoa.testcase.SuiteTest003_SwitchTitle@6950e31</td></tr>
</table><p>
</body>
</html>