<?xml version="1.0" encoding="UTF-8"?>
<testng-results skipped="9" failed="0" ignored="0" total="14" passed="5">
  <reporter-output>
    <line>
      <![CDATA[RunCount=1]]>
    </line>
    <line>
      <![CDATA[RunCount=2]]>
    </line>
    <line>
      <![CDATA[RunCount=3]]>
    </line>
    <line>
      <![CDATA[RunCount=1]]>
    </line>
    <line>
      <![CDATA[RunCount=2]]>
    </line>
    <line>
      <![CDATA[RunCount=3]]>
    </line>
    <line>
      <![CDATA[RunCount=1]]>
    </line>
    <line>
      <![CDATA[RunCount=2]]>
    </line>
    <line>
      <![CDATA[RunCount=3]]>
    </line>
  </reporter-output>
  <suite name="Suite" duration-ms="133422" started-at="2019-07-13T12:14:11Z" finished-at="2019-07-13T12:16:25Z">
    <groups>
    </groups>
    <test name="Test2" duration-ms="133422" started-at="2019-07-13T12:14:11Z" finished-at="2019-07-13T12:16:25Z">
      <class name="com.f.dianqingoa.testcase.SuiteTest002_Logout">
        <test-method status="PASS" signature="beforeClass()[pri:0, instance:com.f.dianqingoa.testcase.SuiteTest002_Logout@12f41634]" name="beforeClass" is-config="true" duration-ms="26364" started-at="2019-07-13T12:14:27Z" finished-at="2019-07-13T12:14:54Z">
          <reporter-output>
          </reporter-output>
        </test-method> <!-- beforeClass -->
        <test-method status="PASS" signature="testLogout()[pri:0, instance:com.f.dianqingoa.testcase.SuiteTest002_Logout@12f41634]" name="testLogout" duration-ms="2986" started-at="2019-07-13T12:14:54Z" finished-at="2019-07-13T12:14:57Z">
          <reporter-output>
          </reporter-output>
        </test-method> <!-- testLogout -->
        <test-method status="PASS" signature="afterClass()[pri:0, instance:com.f.dianqingoa.testcase.SuiteTest002_Logout@12f41634]" name="afterClass" is-config="true" duration-ms="3243" started-at="2019-07-13T12:14:57Z" finished-at="2019-07-13T12:15:00Z">
          <reporter-output>
          </reporter-output>
        </test-method> <!-- afterClass -->
      </class> <!-- com.f.dianqingoa.testcase.SuiteTest002_Logout -->
      <class name="com.f.dianqingoa.testcase.SuiteTest001_Login">
        <test-method status="PASS" signature="beforeClass()[pri:0, instance:com.f.dianqingoa.testcase.SuiteTest001_Login@46daef40]" name="beforeClass" is-config="true" duration-ms="9729" started-at="2019-07-13T12:14:11Z" finished-at="2019-07-13T12:14:21Z">
          <reporter-output>
          </reporter-output>
        </test-method> <!-- beforeClass -->
        <test-method status="PASS" signature="testLogin(java.lang.String, java.lang.String)[pri:0, instance:com.f.dianqingoa.testcase.SuiteTest001_Login@46daef40]" name="testLogin" duration-ms="4280" started-at="2019-07-13T12:14:21Z" finished-at="2019-07-13T12:14:25Z">
          <params>
            <param index="0">
              <value>
                <![CDATA[1357863545@qq.com]]>
              </value>
            </param>
            <param index="1">
              <value>
                <![CDATA[0108152535]]>
              </value>
            </param>
          </params>
          <reporter-output>
          </reporter-output>
        </test-method> <!-- testLogin -->
        <test-method status="PASS" signature="afterClass()[pri:0, instance:com.f.dianqingoa.testcase.SuiteTest001_Login@46daef40]" name="afterClass" is-config="true" duration-ms="2222" started-at="2019-07-13T12:14:25Z" finished-at="2019-07-13T12:14:27Z">
          <reporter-output>
          </reporter-output>
        </test-method> <!-- afterClass -->
      </class> <!-- com.f.dianqingoa.testcase.SuiteTest001_Login -->
      <class name="com.f.dianqingoa.testcase.SuiteTest003_SwitchTitle">
        <test-method status="PASS" signature="beforeClass()[pri:0, instance:com.f.dianqingoa.testcase.SuiteTest003_SwitchTitle@13c27452]" name="beforeClass" is-config="true" duration-ms="24917" started-at="2019-07-13T12:15:00Z" finished-at="2019-07-13T12:15:25Z">
          <reporter-output>
          </reporter-output>
        </test-method> <!-- beforeClass -->
        <test-method status="PASS" signature="test01_switchCourse()[pri:0, instance:com.f.dianqingoa.testcase.SuiteTest003_SwitchTitle@13c27452]" name="test01_switchCourse" duration-ms="2158" started-at="2019-07-13T12:15:25Z" finished-at="2019-07-13T12:15:27Z">
          <reporter-output>
          </reporter-output>
        </test-method> <!-- test01_switchCourse -->
        <test-method status="PASS" signature="test02_switchPracticalCourse()[pri:0, instance:com.f.dianqingoa.testcase.SuiteTest003_SwitchTitle@13c27452]" name="test02_switchPracticalCourse" duration-ms="5286" started-at="2019-07-13T12:15:27Z" finished-at="2019-07-13T12:15:32Z">
          <reporter-output>
          </reporter-output>
        </test-method> <!-- test02_switchPracticalCourse -->
        <test-method status="PASS" signature="test03_switchEmploymentClasses()[pri:0, instance:com.f.dianqingoa.testcase.SuiteTest003_SwitchTitle@13c27452]" name="test03_switchEmploymentClasses" duration-ms="8667" started-at="2019-07-13T12:15:32Z" finished-at="2019-07-13T12:15:41Z">
          <reporter-output>
          </reporter-output>
        </test-method> <!-- test03_switchEmploymentClasses -->
        <test-method status="SKIP" signature="test04_switchSpecialColumn()[pri:0, instance:com.f.dianqingoa.testcase.SuiteTest003_SwitchTitle@13c27452]" name="test04_switchSpecialColumn" duration-ms="5291" started-at="2019-07-13T12:15:41Z" finished-at="2019-07-13T12:15:46Z">
          <exception class="java.lang.AssertionError">
            <message>
              <![CDATA[跳转转失败！！！ expected [true] but found [false]]]>
            </message>
            <full-stacktrace>
              <![CDATA[java.lang.AssertionError: 跳转转失败！！！ expected [true] but found [false]
at org.testng.Assert.fail(Assert.java:96)
at org.testng.Assert.failNotEquals(Assert.java:776)
at org.testng.Assert.assertTrue(Assert.java:44)
at com.f.dianqingoa.testcase.SuiteTest003_SwitchTitle.test04_switchSpecialColumn(SuiteTest003_SwitchTitle.java:104)
at sun.reflect.NativeMethodAccessorImpl.invoke0(Native Method)
at sun.reflect.NativeMethodAccessorImpl.invoke(NativeMethodAccessorImpl.java:62)
at sun.reflect.DelegatingMethodAccessorImpl.invoke(DelegatingMethodAccessorImpl.java:43)
at java.lang.reflect.Method.invoke(Method.java:498)
at org.testng.internal.MethodInvocationHelper.invokeMethod(MethodInvocationHelper.java:124)
at org.testng.internal.Invoker.invokeMethod(Invoker.java:580)
at org.testng.internal.Invoker.invokeTestMethod(Invoker.java:716)
at org.testng.internal.Invoker.invokeTestMethods(Invoker.java:988)
at org.testng.internal.TestMethodWorker.invokeTestMethods(TestMethodWorker.java:125)
at org.testng.internal.TestMethodWorker.run(TestMethodWorker.java:109)
at java.util.concurrent.ThreadPoolExecutor.runWorker(ThreadPoolExecutor.java:1142)
at java.util.concurrent.ThreadPoolExecutor$Worker.run(ThreadPoolExecutor.java:617)
at java.lang.Thread.run(Thread.java:745)
]]>
            </full-stacktrace>
          </exception> <!-- java.lang.AssertionError -->
          <reporter-output>
            <line>
              <![CDATA[RunCount=1]]>
            </line>
          </reporter-output>
        </test-method> <!-- test04_switchSpecialColumn -->
        <test-method status="SKIP" signature="test04_switchSpecialColumn()[pri:0, instance:com.f.dianqingoa.testcase.SuiteTest003_SwitchTitle@13c27452]" name="test04_switchSpecialColumn" duration-ms="4309" started-at="2019-07-13T12:15:46Z" finished-at="2019-07-13T12:15:51Z">
          <exception class="java.lang.AssertionError">
            <message>
              <![CDATA[跳转转失败！！！ expected [true] but found [false]]]>
            </message>
            <full-stacktrace>
              <![CDATA[java.lang.AssertionError: 跳转转失败！！！ expected [true] but found [false]
at org.testng.Assert.fail(Assert.java:96)
at org.testng.Assert.failNotEquals(Assert.java:776)
at org.testng.Assert.assertTrue(Assert.java:44)
at com.f.dianqingoa.testcase.SuiteTest003_SwitchTitle.test04_switchSpecialColumn(SuiteTest003_SwitchTitle.java:104)
at sun.reflect.NativeMethodAccessorImpl.invoke0(Native Method)
at sun.reflect.NativeMethodAccessorImpl.invoke(NativeMethodAccessorImpl.java:62)
at sun.reflect.DelegatingMethodAccessorImpl.invoke(DelegatingMethodAccessorImpl.java:43)
at java.lang.reflect.Method.invoke(Method.java:498)
at org.testng.internal.MethodInvocationHelper.invokeMethod(MethodInvocationHelper.java:124)
at org.testng.internal.Invoker.invokeMethod(Invoker.java:580)
at org.testng.internal.Invoker.retryFailed(Invoker.java:838)
at org.testng.internal.Invoker.invokeTestMethods(Invoker.java:1009)
at org.testng.internal.TestMethodWorker.invokeTestMethods(TestMethodWorker.java:125)
at org.testng.internal.TestMethodWorker.run(TestMethodWorker.java:109)
at java.util.concurrent.ThreadPoolExecutor.runWorker(ThreadPoolExecutor.java:1142)
at java.util.concurrent.ThreadPoolExecutor$Worker.run(ThreadPoolExecutor.java:617)
at java.lang.Thread.run(Thread.java:745)
]]>
            </full-stacktrace>
          </exception> <!-- java.lang.AssertionError -->
          <reporter-output>
            <line>
              <![CDATA[RunCount=2]]>
            </line>
          </reporter-output>
        </test-method> <!-- test04_switchSpecialColumn -->
        <test-method status="SKIP" signature="test04_switchSpecialColumn()[pri:0, instance:com.f.dianqingoa.testcase.SuiteTest003_SwitchTitle@13c27452]" name="test04_switchSpecialColumn" duration-ms="2851" started-at="2019-07-13T12:15:51Z" finished-at="2019-07-13T12:15:53Z">
          <exception class="java.lang.AssertionError">
            <message>
              <![CDATA[跳转转失败！！！ expected [true] but found [false]]]>
            </message>
            <full-stacktrace>
              <![CDATA[java.lang.AssertionError: 跳转转失败！！！ expected [true] but found [false]
at org.testng.Assert.fail(Assert.java:96)
at org.testng.Assert.failNotEquals(Assert.java:776)
at org.testng.Assert.assertTrue(Assert.java:44)
at com.f.dianqingoa.testcase.SuiteTest003_SwitchTitle.test04_switchSpecialColumn(SuiteTest003_SwitchTitle.java:104)
at sun.reflect.NativeMethodAccessorImpl.invoke0(Native Method)
at sun.reflect.NativeMethodAccessorImpl.invoke(NativeMethodAccessorImpl.java:62)
at sun.reflect.DelegatingMethodAccessorImpl.invoke(DelegatingMethodAccessorImpl.java:43)
at java.lang.reflect.Method.invoke(Method.java:498)
at org.testng.internal.MethodInvocationHelper.invokeMethod(MethodInvocationHelper.java:124)
at org.testng.internal.Invoker.invokeMethod(Invoker.java:580)
at org.testng.internal.Invoker.retryFailed(Invoker.java:838)
at org.testng.internal.Invoker.invokeTestMethods(Invoker.java:1009)
at org.testng.internal.TestMethodWorker.invokeTestMethods(TestMethodWorker.java:125)
at org.testng.internal.TestMethodWorker.run(TestMethodWorker.java:109)
at java.util.concurrent.ThreadPoolExecutor.runWorker(ThreadPoolExecutor.java:1142)
at java.util.concurrent.ThreadPoolExecutor$Worker.run(ThreadPoolExecutor.java:617)
at java.lang.Thread.run(Thread.java:745)
]]>
            </full-stacktrace>
          </exception> <!-- java.lang.AssertionError -->
          <reporter-output>
            <line>
              <![CDATA[RunCount=3]]>
            </line>
          </reporter-output>
        </test-method> <!-- test04_switchSpecialColumn -->
        <test-method status="SKIP" signature="test05_switchApeAsk()[pri:0, instance:com.f.dianqingoa.testcase.SuiteTest003_SwitchTitle@13c27452]" name="test05_switchApeAsk" duration-ms="2266" started-at="2019-07-13T12:15:56Z" finished-at="2019-07-13T12:15:58Z">
          <exception class="java.lang.AssertionError">
            <message>
              <![CDATA[跳转转失败！！！ expected [true] but found [false]]]>
            </message>
            <full-stacktrace>
              <![CDATA[java.lang.AssertionError: 跳转转失败！！！ expected [true] but found [false]
at org.testng.Assert.fail(Assert.java:96)
at org.testng.Assert.failNotEquals(Assert.java:776)
at org.testng.Assert.assertTrue(Assert.java:44)
at com.f.dianqingoa.testcase.SuiteTest003_SwitchTitle.test05_switchApeAsk(SuiteTest003_SwitchTitle.java:113)
at sun.reflect.NativeMethodAccessorImpl.invoke0(Native Method)
at sun.reflect.NativeMethodAccessorImpl.invoke(NativeMethodAccessorImpl.java:62)
at sun.reflect.DelegatingMethodAccessorImpl.invoke(DelegatingMethodAccessorImpl.java:43)
at java.lang.reflect.Method.invoke(Method.java:498)
at org.testng.internal.MethodInvocationHelper.invokeMethod(MethodInvocationHelper.java:124)
at org.testng.internal.Invoker.invokeMethod(Invoker.java:580)
at org.testng.internal.Invoker.invokeTestMethod(Invoker.java:716)
at org.testng.internal.Invoker.invokeTestMethods(Invoker.java:988)
at org.testng.internal.TestMethodWorker.invokeTestMethods(TestMethodWorker.java:125)
at org.testng.internal.TestMethodWorker.run(TestMethodWorker.java:109)
at java.util.concurrent.ThreadPoolExecutor.runWorker(ThreadPoolExecutor.java:1142)
at java.util.concurrent.ThreadPoolExecutor$Worker.run(ThreadPoolExecutor.java:617)
at java.lang.Thread.run(Thread.java:745)
]]>
            </full-stacktrace>
          </exception> <!-- java.lang.AssertionError -->
          <reporter-output>
            <line>
              <![CDATA[RunCount=1]]>
            </line>
          </reporter-output>
        </test-method> <!-- test05_switchApeAsk -->
        <test-method status="SKIP" signature="test05_switchApeAsk()[pri:0, instance:com.f.dianqingoa.testcase.SuiteTest003_SwitchTitle@13c27452]" name="test05_switchApeAsk" duration-ms="3074" started-at="2019-07-13T12:15:58Z" finished-at="2019-07-13T12:16:01Z">
          <exception class="java.lang.AssertionError">
            <message>
              <![CDATA[跳转转失败！！！ expected [true] but found [false]]]>
            </message>
            <full-stacktrace>
              <![CDATA[java.lang.AssertionError: 跳转转失败！！！ expected [true] but found [false]
at org.testng.Assert.fail(Assert.java:96)
at org.testng.Assert.failNotEquals(Assert.java:776)
at org.testng.Assert.assertTrue(Assert.java:44)
at com.f.dianqingoa.testcase.SuiteTest003_SwitchTitle.test05_switchApeAsk(SuiteTest003_SwitchTitle.java:113)
at sun.reflect.NativeMethodAccessorImpl.invoke0(Native Method)
at sun.reflect.NativeMethodAccessorImpl.invoke(NativeMethodAccessorImpl.java:62)
at sun.reflect.DelegatingMethodAccessorImpl.invoke(DelegatingMethodAccessorImpl.java:43)
at java.lang.reflect.Method.invoke(Method.java:498)
at org.testng.internal.MethodInvocationHelper.invokeMethod(MethodInvocationHelper.java:124)
at org.testng.internal.Invoker.invokeMethod(Invoker.java:580)
at org.testng.internal.Invoker.retryFailed(Invoker.java:838)
at org.testng.internal.Invoker.invokeTestMethods(Invoker.java:1009)
at org.testng.internal.TestMethodWorker.invokeTestMethods(TestMethodWorker.java:125)
at org.testng.internal.TestMethodWorker.run(TestMethodWorker.java:109)
at java.util.concurrent.ThreadPoolExecutor.runWorker(ThreadPoolExecutor.java:1142)
at java.util.concurrent.ThreadPoolExecutor$Worker.run(ThreadPoolExecutor.java:617)
at java.lang.Thread.run(Thread.java:745)
]]>
            </full-stacktrace>
          </exception> <!-- java.lang.AssertionError -->
          <reporter-output>
            <line>
              <![CDATA[RunCount=2]]>
            </line>
          </reporter-output>
        </test-method> <!-- test05_switchApeAsk -->
        <test-method status="SKIP" signature="test05_switchApeAsk()[pri:0, instance:com.f.dianqingoa.testcase.SuiteTest003_SwitchTitle@13c27452]" name="test05_switchApeAsk" duration-ms="2864" started-at="2019-07-13T12:16:01Z" finished-at="2019-07-13T12:16:04Z">
          <exception class="java.lang.AssertionError">
            <message>
              <![CDATA[跳转转失败！！！ expected [true] but found [false]]]>
            </message>
            <full-stacktrace>
              <![CDATA[java.lang.AssertionError: 跳转转失败！！！ expected [true] but found [false]
at org.testng.Assert.fail(Assert.java:96)
at org.testng.Assert.failNotEquals(Assert.java:776)
at org.testng.Assert.assertTrue(Assert.java:44)
at com.f.dianqingoa.testcase.SuiteTest003_SwitchTitle.test05_switchApeAsk(SuiteTest003_SwitchTitle.java:113)
at sun.reflect.NativeMethodAccessorImpl.invoke0(Native Method)
at sun.reflect.NativeMethodAccessorImpl.invoke(NativeMethodAccessorImpl.java:62)
at sun.reflect.DelegatingMethodAccessorImpl.invoke(DelegatingMethodAccessorImpl.java:43)
at java.lang.reflect.Method.invoke(Method.java:498)
at org.testng.internal.MethodInvocationHelper.invokeMethod(MethodInvocationHelper.java:124)
at org.testng.internal.Invoker.invokeMethod(Invoker.java:580)
at org.testng.internal.Invoker.retryFailed(Invoker.java:838)
at org.testng.internal.Invoker.invokeTestMethods(Invoker.java:1009)
at org.testng.internal.TestMethodWorker.invokeTestMethods(TestMethodWorker.java:125)
at org.testng.internal.TestMethodWorker.run(TestMethodWorker.java:109)
at java.util.concurrent.ThreadPoolExecutor.runWorker(ThreadPoolExecutor.java:1142)
at java.util.concurrent.ThreadPoolExecutor$Worker.run(ThreadPoolExecutor.java:617)
at java.lang.Thread.run(Thread.java:745)
]]>
            </full-stacktrace>
          </exception> <!-- java.lang.AssertionError -->
          <reporter-output>
            <line>
              <![CDATA[RunCount=3]]>
            </line>
          </reporter-output>
        </test-method> <!-- test05_switchApeAsk -->
        <test-method status="SKIP" signature="test06_switchNotes()[pri:0, instance:com.f.dianqingoa.testcase.SuiteTest003_SwitchTitle@13c27452]" name="test06_switchNotes" duration-ms="5759" started-at="2019-07-13T12:16:06Z" finished-at="2019-07-13T12:16:12Z">
          <exception class="java.lang.AssertionError">
            <message>
              <![CDATA[跳转转失败！！！ expected [true] but found [false]]]>
            </message>
            <full-stacktrace>
              <![CDATA[java.lang.AssertionError: 跳转转失败！！！ expected [true] but found [false]
at org.testng.Assert.fail(Assert.java:96)
at org.testng.Assert.failNotEquals(Assert.java:776)
at org.testng.Assert.assertTrue(Assert.java:44)
at com.f.dianqingoa.testcase.SuiteTest003_SwitchTitle.test06_switchNotes(SuiteTest003_SwitchTitle.java:122)
at sun.reflect.NativeMethodAccessorImpl.invoke0(Native Method)
at sun.reflect.NativeMethodAccessorImpl.invoke(NativeMethodAccessorImpl.java:62)
at sun.reflect.DelegatingMethodAccessorImpl.invoke(DelegatingMethodAccessorImpl.java:43)
at java.lang.reflect.Method.invoke(Method.java:498)
at org.testng.internal.MethodInvocationHelper.invokeMethod(MethodInvocationHelper.java:124)
at org.testng.internal.Invoker.invokeMethod(Invoker.java:580)
at org.testng.internal.Invoker.invokeTestMethod(Invoker.java:716)
at org.testng.internal.Invoker.invokeTestMethods(Invoker.java:988)
at org.testng.internal.TestMethodWorker.invokeTestMethods(TestMethodWorker.java:125)
at org.testng.internal.TestMethodWorker.run(TestMethodWorker.java:109)
at java.util.concurrent.ThreadPoolExecutor.runWorker(ThreadPoolExecutor.java:1142)
at java.util.concurrent.ThreadPoolExecutor$Worker.run(ThreadPoolExecutor.java:617)
at java.lang.Thread.run(Thread.java:745)
]]>
            </full-stacktrace>
          </exception> <!-- java.lang.AssertionError -->
          <reporter-output>
            <line>
              <![CDATA[RunCount=1]]>
            </line>
          </reporter-output>
        </test-method> <!-- test06_switchNotes -->
        <test-method status="SKIP" signature="test06_switchNotes()[pri:0, instance:com.f.dianqingoa.testcase.SuiteTest003_SwitchTitle@13c27452]" name="test06_switchNotes" duration-ms="3945" started-at="2019-07-13T12:16:12Z" finished-at="2019-07-13T12:16:16Z">
          <exception class="java.lang.AssertionError">
            <message>
              <![CDATA[跳转转失败！！！ expected [true] but found [false]]]>
            </message>
            <full-stacktrace>
              <![CDATA[java.lang.AssertionError: 跳转转失败！！！ expected [true] but found [false]
at org.testng.Assert.fail(Assert.java:96)
at org.testng.Assert.failNotEquals(Assert.java:776)
at org.testng.Assert.assertTrue(Assert.java:44)
at com.f.dianqingoa.testcase.SuiteTest003_SwitchTitle.test06_switchNotes(SuiteTest003_SwitchTitle.java:122)
at sun.reflect.NativeMethodAccessorImpl.invoke0(Native Method)
at sun.reflect.NativeMethodAccessorImpl.invoke(NativeMethodAccessorImpl.java:62)
at sun.reflect.DelegatingMethodAccessorImpl.invoke(DelegatingMethodAccessorImpl.java:43)
at java.lang.reflect.Method.invoke(Method.java:498)
at org.testng.internal.MethodInvocationHelper.invokeMethod(MethodInvocationHelper.java:124)
at org.testng.internal.Invoker.invokeMethod(Invoker.java:580)
at org.testng.internal.Invoker.retryFailed(Invoker.java:838)
at org.testng.internal.Invoker.invokeTestMethods(Invoker.java:1009)
at org.testng.internal.TestMethodWorker.invokeTestMethods(TestMethodWorker.java:125)
at org.testng.internal.TestMethodWorker.run(TestMethodWorker.java:109)
at java.util.concurrent.ThreadPoolExecutor.runWorker(ThreadPoolExecutor.java:1142)
at java.util.concurrent.ThreadPoolExecutor$Worker.run(ThreadPoolExecutor.java:617)
at java.lang.Thread.run(Thread.java:745)
]]>
            </full-stacktrace>
          </exception> <!-- java.lang.AssertionError -->
          <reporter-output>
            <line>
              <![CDATA[RunCount=2]]>
            </line>
          </reporter-output>
        </test-method> <!-- test06_switchNotes -->
        <test-method status="SKIP" signature="test06_switchNotes()[pri:0, instance:com.f.dianqingoa.testcase.SuiteTest003_SwitchTitle@13c27452]" name="test06_switchNotes" duration-ms="1613" started-at="2019-07-13T12:16:16Z" finished-at="2019-07-13T12:16:17Z">
          <exception class="java.lang.AssertionError">
            <message>
              <![CDATA[跳转转失败！！！ expected [true] but found [false]]]>
            </message>
            <full-stacktrace>
              <![CDATA[java.lang.AssertionError: 跳转转失败！！！ expected [true] but found [false]
at org.testng.Assert.fail(Assert.java:96)
at org.testng.Assert.failNotEquals(Assert.java:776)
at org.testng.Assert.assertTrue(Assert.java:44)
at com.f.dianqingoa.testcase.SuiteTest003_SwitchTitle.test06_switchNotes(SuiteTest003_SwitchTitle.java:122)
at sun.reflect.NativeMethodAccessorImpl.invoke0(Native Method)
at sun.reflect.NativeMethodAccessorImpl.invoke(NativeMethodAccessorImpl.java:62)
at sun.reflect.DelegatingMethodAccessorImpl.invoke(DelegatingMethodAccessorImpl.java:43)
at java.lang.reflect.Method.invoke(Method.java:498)
at org.testng.internal.MethodInvocationHelper.invokeMethod(MethodInvocationHelper.java:124)
at org.testng.internal.Invoker.invokeMethod(Invoker.java:580)
at org.testng.internal.Invoker.retryFailed(Invoker.java:838)
at org.testng.internal.Invoker.invokeTestMethods(Invoker.java:1009)
at org.testng.internal.TestMethodWorker.invokeTestMethods(TestMethodWorker.java:125)
at org.testng.internal.TestMethodWorker.run(TestMethodWorker.java:109)
at java.util.concurrent.ThreadPoolExecutor.runWorker(ThreadPoolExecutor.java:1142)
at java.util.concurrent.ThreadPoolExecutor$Worker.run(ThreadPoolExecutor.java:617)
at java.lang.Thread.run(Thread.java:745)
]]>
            </full-stacktrace>
          </exception> <!-- java.lang.AssertionError -->
          <reporter-output>
            <line>
              <![CDATA[RunCount=3]]>
            </line>
          </reporter-output>
        </test-method> <!-- test06_switchNotes -->
        <test-method status="PASS" signature="afterClass()[pri:0, instance:com.f.dianqingoa.testcase.SuiteTest003_SwitchTitle@13c27452]" name="afterClass" is-config="true" duration-ms="3294" started-at="2019-07-13T12:16:21Z" finished-at="2019-07-13T12:16:25Z">
          <reporter-output>
          </reporter-output>
        </test-method> <!-- afterClass -->
      </class> <!-- com.f.dianqingoa.testcase.SuiteTest003_SwitchTitle -->
    </test> <!-- Test2 -->
  </suite> <!-- Suite -->
</testng-results>
