<?xml version="1.0" encoding="UTF-8"?>
<testng-results skipped="3" failed="0" ignored="0" total="10" passed="7">
  <reporter-output>
    <line>
      <![CDATA[RunCount=1]]>
    </line>
    <line>
      <![CDATA[RunCount=2]]>
    </line>
    <line>
      <![CDATA[RunCount=3]]>
    </line>
  </reporter-output>
  <suite name="Suite" duration-ms="203355" started-at="2019-07-23T08:33:22Z" finished-at="2019-07-23T08:36:46Z">
    <groups>
    </groups>
    <test name="Test1" duration-ms="94057" started-at="2019-07-23T08:33:22Z" finished-at="2019-07-23T08:34:56Z">
      <class name="com.f.dianqingoa.testcase.SuiteTest001_Login">
        <test-method status="PASS" signature="beforeClass()[pri:0, instance:com.f.dianqingoa.testcase.SuiteTest001_Login@290dbf45]" name="beforeClass" is-config="true" duration-ms="47989" started-at="2019-07-23T08:33:22Z" finished-at="2019-07-23T08:34:10Z">
          <reporter-output>
          </reporter-output>
        </test-method> <!-- beforeClass -->
        <test-method status="SKIP" signature="testLogin(java.lang.String, java.lang.String)[pri:0, instance:com.f.dianqingoa.testcase.SuiteTest001_Login@290dbf45]" name="testLogin" duration-ms="11147" started-at="2019-07-23T08:34:10Z" finished-at="2019-07-23T08:34:21Z">
          <params>
            <param index="0">
              <value>
                <![CDATA[1357863545@qq.com]]>
              </value>
            </param>
            <param index="1">
              <value>
                <![CDATA[0108152535]]>
              </value>
            </param>
          </params>
          <exception class="org.openqa.selenium.NoSuchElementException">
            <message>
              <![CDATA[no such element: Unable to locate element: {"method":"id","selector":"header-avator"}
  (Session info: chrome=68.0.3440.84)
  (Driver info: chromedriver=2.41.578737 (49da6702b16031c40d63e5618de03a32ff6c197e),platform=Windows NT 10.0.10586 x86_64) (WARNING: The server did not provide any stacktrace information)
Command duration or timeout: 10.07 seconds
For documentation on this error, please visit: http://seleniumhq.org/exceptions/no_such_element.html
Build info: version: '2.44.0', revision: '76d78cf323ce037c5f92db6c1bba601c2ac43ad8', time: '2014-10-23 13:11:40'
System info: host: 'DEEP-1907221518', ip: '192.168.85.243', os.name: 'Windows 10', os.arch: 'amd64', os.version: '10.0', java.version: '1.8.0_101'
Driver info: org.openqa.selenium.chrome.ChromeDriver
Capabilities [{mobileEmulationEnabled=false, hasTouchScreen=false, platform=XP, acceptSslCerts=false, goog:chromeOptions={debuggerAddress=localhost:54803}, acceptInsecureCerts=false, webStorageEnabled=true, browserName=chrome, takesScreenshot=true, javascriptEnabled=true, setWindowRect=true, unexpectedAlertBehaviour=, applicationCacheEnabled=false, rotatable=false, networkConnectionEnabled=false, chrome={chromedriverVersion=2.41.578737 (49da6702b16031c40d63e5618de03a32ff6c197e), userDataDir=C:\Users\ADMINI~1\AppData\Local\Temp\scoped_dir3492_17137}, takesHeapSnapshot=true, pageLoadStrategy=normal, databaseEnabled=false, handlesAlerts=true, version=68.0.3440.84, browserConnectionEnabled=false, nativeEvents=true, locationContextEnabled=true, cssSelectorsEnabled=true}]
Session ID: 5794175d1f415638cc1d329e4281c359]]>
            </message>
            <full-stacktrace>
              <![CDATA[org.openqa.selenium.NoSuchElementException: no such element: Unable to locate element: {"method":"id","selector":"header-avator"}
  (Session info: chrome=68.0.3440.84)
  (Driver info: chromedriver=2.41.578737 (49da6702b16031c40d63e5618de03a32ff6c197e),platform=Windows NT 10.0.10586 x86_64) (WARNING: The server did not provide any stacktrace information)
Command duration or timeout: 10.07 seconds
For documentation on this error, please visit: http://seleniumhq.org/exceptions/no_such_element.html
Build info: version: '2.44.0', revision: '76d78cf323ce037c5f92db6c1bba601c2ac43ad8', time: '2014-10-23 13:11:40'
System info: host: 'DEEP-1907221518', ip: '192.168.85.243', os.name: 'Windows 10', os.arch: 'amd64', os.version: '10.0', java.version: '1.8.0_101'
Driver info: org.openqa.selenium.chrome.ChromeDriver
Capabilities [{mobileEmulationEnabled=false, hasTouchScreen=false, platform=XP, acceptSslCerts=false, goog:chromeOptions={debuggerAddress=localhost:54803}, acceptInsecureCerts=false, webStorageEnabled=true, browserName=chrome, takesScreenshot=true, javascriptEnabled=true, setWindowRect=true, unexpectedAlertBehaviour=, applicationCacheEnabled=false, rotatable=false, networkConnectionEnabled=false, chrome={chromedriverVersion=2.41.578737 (49da6702b16031c40d63e5618de03a32ff6c197e), userDataDir=C:\Users\ADMINI~1\AppData\Local\Temp\scoped_dir3492_17137}, takesHeapSnapshot=true, pageLoadStrategy=normal, databaseEnabled=false, handlesAlerts=true, version=68.0.3440.84, browserConnectionEnabled=false, nativeEvents=true, locationContextEnabled=true, cssSelectorsEnabled=true}]
Session ID: 5794175d1f415638cc1d329e4281c359
at sun.reflect.NativeConstructorAccessorImpl.newInstance0(Native Method)
at sun.reflect.NativeConstructorAccessorImpl.newInstance(NativeConstructorAccessorImpl.java:62)
at sun.reflect.DelegatingConstructorAccessorImpl.newInstance(DelegatingConstructorAccessorImpl.java:45)
at java.lang.reflect.Constructor.newInstance(Constructor.java:423)
at org.openqa.selenium.remote.ErrorHandler.createThrowable(ErrorHandler.java:204)
at org.openqa.selenium.remote.ErrorHandler.throwIfResponseFailed(ErrorHandler.java:156)
at org.openqa.selenium.remote.RemoteWebDriver.execute(RemoteWebDriver.java:599)
at org.openqa.selenium.remote.RemoteWebDriver.findElement(RemoteWebDriver.java:352)
at org.openqa.selenium.remote.RemoteWebDriver.findElementById(RemoteWebDriver.java:393)
at org.openqa.selenium.By$ById.findElement(By.java:214)
at org.openqa.selenium.remote.RemoteWebDriver.findElement(RemoteWebDriver.java:344)
at com.a.dianqingoa.base.DriverBase.findElement(DriverBase.java:52)
at com.c.dianqingoa.page.BasePage.findElement(BasePage.java:39)
at com.c.dianqingoa.page.HomePage.getUserNameElement(HomePage.java:27)
at com.f.dianqingoa.testcase.SuiteTest001_Login.testLogin(SuiteTest001_Login.java:57)
at sun.reflect.NativeMethodAccessorImpl.invoke0(Native Method)
at sun.reflect.NativeMethodAccessorImpl.invoke(NativeMethodAccessorImpl.java:62)
at sun.reflect.DelegatingMethodAccessorImpl.invoke(DelegatingMethodAccessorImpl.java:43)
at java.lang.reflect.Method.invoke(Method.java:498)
at org.testng.internal.MethodInvocationHelper.invokeMethod(MethodInvocationHelper.java:124)
at org.testng.internal.Invoker.invokeMethod(Invoker.java:580)
at org.testng.internal.Invoker.invokeTestMethod(Invoker.java:716)
at org.testng.internal.Invoker.invokeTestMethods(Invoker.java:988)
at org.testng.internal.TestMethodWorker.invokeTestMethods(TestMethodWorker.java:125)
at org.testng.internal.TestMethodWorker.run(TestMethodWorker.java:109)
at java.util.concurrent.ThreadPoolExecutor.runWorker(ThreadPoolExecutor.java:1142)
at java.util.concurrent.ThreadPoolExecutor$Worker.run(ThreadPoolExecutor.java:617)
at java.lang.Thread.run(Thread.java:745)
]]>
            </full-stacktrace>
          </exception> <!-- org.openqa.selenium.NoSuchElementException -->
          <reporter-output>
            <line>
              <![CDATA[RunCount=1]]>
            </line>
          </reporter-output>
        </test-method> <!-- testLogin -->
        <test-method status="SKIP" signature="testLogin(java.lang.String, java.lang.String)[pri:0, instance:com.f.dianqingoa.testcase.SuiteTest001_Login@290dbf45]" name="testLogin" duration-ms="10644" started-at="2019-07-23T08:34:21Z" finished-at="2019-07-23T08:34:32Z">
          <params>
            <param index="0">
              <value>
                <![CDATA[1357863545@qq.com]]>
              </value>
            </param>
            <param index="1">
              <value>
                <![CDATA[0108152535]]>
              </value>
            </param>
          </params>
          <exception class="org.openqa.selenium.NoSuchElementException">
            <message>
              <![CDATA[no such element: Unable to locate element: {"method":"id","selector":"header-avator"}
  (Session info: chrome=68.0.3440.84)
  (Driver info: chromedriver=2.41.578737 (49da6702b16031c40d63e5618de03a32ff6c197e),platform=Windows NT 10.0.10586 x86_64) (WARNING: The server did not provide any stacktrace information)
Command duration or timeout: 10.09 seconds
For documentation on this error, please visit: http://seleniumhq.org/exceptions/no_such_element.html
Build info: version: '2.44.0', revision: '76d78cf323ce037c5f92db6c1bba601c2ac43ad8', time: '2014-10-23 13:11:40'
System info: host: 'DEEP-1907221518', ip: '192.168.85.243', os.name: 'Windows 10', os.arch: 'amd64', os.version: '10.0', java.version: '1.8.0_101'
Driver info: org.openqa.selenium.chrome.ChromeDriver
Capabilities [{mobileEmulationEnabled=false, hasTouchScreen=false, platform=XP, acceptSslCerts=false, goog:chromeOptions={debuggerAddress=localhost:54803}, acceptInsecureCerts=false, webStorageEnabled=true, browserName=chrome, takesScreenshot=true, javascriptEnabled=true, setWindowRect=true, unexpectedAlertBehaviour=, applicationCacheEnabled=false, rotatable=false, networkConnectionEnabled=false, chrome={chromedriverVersion=2.41.578737 (49da6702b16031c40d63e5618de03a32ff6c197e), userDataDir=C:\Users\ADMINI~1\AppData\Local\Temp\scoped_dir3492_17137}, takesHeapSnapshot=true, pageLoadStrategy=normal, databaseEnabled=false, handlesAlerts=true, version=68.0.3440.84, browserConnectionEnabled=false, nativeEvents=true, locationContextEnabled=true, cssSelectorsEnabled=true}]
Session ID: 5794175d1f415638cc1d329e4281c359]]>
            </message>
            <full-stacktrace>
              <![CDATA[org.openqa.selenium.NoSuchElementException: no such element: Unable to locate element: {"method":"id","selector":"header-avator"}
  (Session info: chrome=68.0.3440.84)
  (Driver info: chromedriver=2.41.578737 (49da6702b16031c40d63e5618de03a32ff6c197e),platform=Windows NT 10.0.10586 x86_64) (WARNING: The server did not provide any stacktrace information)
Command duration or timeout: 10.09 seconds
For documentation on this error, please visit: http://seleniumhq.org/exceptions/no_such_element.html
Build info: version: '2.44.0', revision: '76d78cf323ce037c5f92db6c1bba601c2ac43ad8', time: '2014-10-23 13:11:40'
System info: host: 'DEEP-1907221518', ip: '192.168.85.243', os.name: 'Windows 10', os.arch: 'amd64', os.version: '10.0', java.version: '1.8.0_101'
Driver info: org.openqa.selenium.chrome.ChromeDriver
Capabilities [{mobileEmulationEnabled=false, hasTouchScreen=false, platform=XP, acceptSslCerts=false, goog:chromeOptions={debuggerAddress=localhost:54803}, acceptInsecureCerts=false, webStorageEnabled=true, browserName=chrome, takesScreenshot=true, javascriptEnabled=true, setWindowRect=true, unexpectedAlertBehaviour=, applicationCacheEnabled=false, rotatable=false, networkConnectionEnabled=false, chrome={chromedriverVersion=2.41.578737 (49da6702b16031c40d63e5618de03a32ff6c197e), userDataDir=C:\Users\ADMINI~1\AppData\Local\Temp\scoped_dir3492_17137}, takesHeapSnapshot=true, pageLoadStrategy=normal, databaseEnabled=false, handlesAlerts=true, version=68.0.3440.84, browserConnectionEnabled=false, nativeEvents=true, locationContextEnabled=true, cssSelectorsEnabled=true}]
Session ID: 5794175d1f415638cc1d329e4281c359
at sun.reflect.NativeConstructorAccessorImpl.newInstance0(Native Method)
at sun.reflect.NativeConstructorAccessorImpl.newInstance(NativeConstructorAccessorImpl.java:62)
at sun.reflect.DelegatingConstructorAccessorImpl.newInstance(DelegatingConstructorAccessorImpl.java:45)
at java.lang.reflect.Constructor.newInstance(Constructor.java:423)
at org.openqa.selenium.remote.ErrorHandler.createThrowable(ErrorHandler.java:204)
at org.openqa.selenium.remote.ErrorHandler.throwIfResponseFailed(ErrorHandler.java:156)
at org.openqa.selenium.remote.RemoteWebDriver.execute(RemoteWebDriver.java:599)
at org.openqa.selenium.remote.RemoteWebDriver.findElement(RemoteWebDriver.java:352)
at org.openqa.selenium.remote.RemoteWebDriver.findElementById(RemoteWebDriver.java:393)
at org.openqa.selenium.By$ById.findElement(By.java:214)
at org.openqa.selenium.remote.RemoteWebDriver.findElement(RemoteWebDriver.java:344)
at com.a.dianqingoa.base.DriverBase.findElement(DriverBase.java:52)
at com.c.dianqingoa.page.BasePage.findElement(BasePage.java:39)
at com.c.dianqingoa.page.HomePage.getUserNameElement(HomePage.java:27)
at com.f.dianqingoa.testcase.SuiteTest001_Login.testLogin(SuiteTest001_Login.java:57)
at sun.reflect.NativeMethodAccessorImpl.invoke0(Native Method)
at sun.reflect.NativeMethodAccessorImpl.invoke(NativeMethodAccessorImpl.java:62)
at sun.reflect.DelegatingMethodAccessorImpl.invoke(DelegatingMethodAccessorImpl.java:43)
at java.lang.reflect.Method.invoke(Method.java:498)
at org.testng.internal.MethodInvocationHelper.invokeMethod(MethodInvocationHelper.java:124)
at org.testng.internal.Invoker.invokeMethod(Invoker.java:580)
at org.testng.internal.Invoker.retryFailed(Invoker.java:838)
at org.testng.internal.Invoker.invokeTestMethods(Invoker.java:1009)
at org.testng.internal.TestMethodWorker.invokeTestMethods(TestMethodWorker.java:125)
at org.testng.internal.TestMethodWorker.run(TestMethodWorker.java:109)
at java.util.concurrent.ThreadPoolExecutor.runWorker(ThreadPoolExecutor.java:1142)
at java.util.concurrent.ThreadPoolExecutor$Worker.run(ThreadPoolExecutor.java:617)
at java.lang.Thread.run(Thread.java:745)
]]>
            </full-stacktrace>
          </exception> <!-- org.openqa.selenium.NoSuchElementException -->
          <reporter-output>
            <line>
              <![CDATA[RunCount=2]]>
            </line>
          </reporter-output>
        </test-method> <!-- testLogin -->
        <test-method status="SKIP" signature="testLogin(java.lang.String, java.lang.String)[pri:0, instance:com.f.dianqingoa.testcase.SuiteTest001_Login@290dbf45]" name="testLogin" duration-ms="10633" started-at="2019-07-23T08:34:32Z" finished-at="2019-07-23T08:34:43Z">
          <params>
            <param index="0">
              <value>
                <![CDATA[1357863545@qq.com]]>
              </value>
            </param>
            <param index="1">
              <value>
                <![CDATA[0108152535]]>
              </value>
            </param>
          </params>
          <exception class="org.openqa.selenium.NoSuchElementException">
            <message>
              <![CDATA[no such element: Unable to locate element: {"method":"id","selector":"header-avator"}
  (Session info: chrome=68.0.3440.84)
  (Driver info: chromedriver=2.41.578737 (49da6702b16031c40d63e5618de03a32ff6c197e),platform=Windows NT 10.0.10586 x86_64) (WARNING: The server did not provide any stacktrace information)
Command duration or timeout: 10.07 seconds
For documentation on this error, please visit: http://seleniumhq.org/exceptions/no_such_element.html
Build info: version: '2.44.0', revision: '76d78cf323ce037c5f92db6c1bba601c2ac43ad8', time: '2014-10-23 13:11:40'
System info: host: 'DEEP-1907221518', ip: '192.168.85.243', os.name: 'Windows 10', os.arch: 'amd64', os.version: '10.0', java.version: '1.8.0_101'
Driver info: org.openqa.selenium.chrome.ChromeDriver
Capabilities [{mobileEmulationEnabled=false, hasTouchScreen=false, platform=XP, acceptSslCerts=false, goog:chromeOptions={debuggerAddress=localhost:54803}, acceptInsecureCerts=false, webStorageEnabled=true, browserName=chrome, takesScreenshot=true, javascriptEnabled=true, setWindowRect=true, unexpectedAlertBehaviour=, applicationCacheEnabled=false, rotatable=false, networkConnectionEnabled=false, chrome={chromedriverVersion=2.41.578737 (49da6702b16031c40d63e5618de03a32ff6c197e), userDataDir=C:\Users\ADMINI~1\AppData\Local\Temp\scoped_dir3492_17137}, takesHeapSnapshot=true, pageLoadStrategy=normal, databaseEnabled=false, handlesAlerts=true, version=68.0.3440.84, browserConnectionEnabled=false, nativeEvents=true, locationContextEnabled=true, cssSelectorsEnabled=true}]
Session ID: 5794175d1f415638cc1d329e4281c359]]>
            </message>
            <full-stacktrace>
              <![CDATA[org.openqa.selenium.NoSuchElementException: no such element: Unable to locate element: {"method":"id","selector":"header-avator"}
  (Session info: chrome=68.0.3440.84)
  (Driver info: chromedriver=2.41.578737 (49da6702b16031c40d63e5618de03a32ff6c197e),platform=Windows NT 10.0.10586 x86_64) (WARNING: The server did not provide any stacktrace information)
Command duration or timeout: 10.07 seconds
For documentation on this error, please visit: http://seleniumhq.org/exceptions/no_such_element.html
Build info: version: '2.44.0', revision: '76d78cf323ce037c5f92db6c1bba601c2ac43ad8', time: '2014-10-23 13:11:40'
System info: host: 'DEEP-1907221518', ip: '192.168.85.243', os.name: 'Windows 10', os.arch: 'amd64', os.version: '10.0', java.version: '1.8.0_101'
Driver info: org.openqa.selenium.chrome.ChromeDriver
Capabilities [{mobileEmulationEnabled=false, hasTouchScreen=false, platform=XP, acceptSslCerts=false, goog:chromeOptions={debuggerAddress=localhost:54803}, acceptInsecureCerts=false, webStorageEnabled=true, browserName=chrome, takesScreenshot=true, javascriptEnabled=true, setWindowRect=true, unexpectedAlertBehaviour=, applicationCacheEnabled=false, rotatable=false, networkConnectionEnabled=false, chrome={chromedriverVersion=2.41.578737 (49da6702b16031c40d63e5618de03a32ff6c197e), userDataDir=C:\Users\ADMINI~1\AppData\Local\Temp\scoped_dir3492_17137}, takesHeapSnapshot=true, pageLoadStrategy=normal, databaseEnabled=false, handlesAlerts=true, version=68.0.3440.84, browserConnectionEnabled=false, nativeEvents=true, locationContextEnabled=true, cssSelectorsEnabled=true}]
Session ID: 5794175d1f415638cc1d329e4281c359
at sun.reflect.NativeConstructorAccessorImpl.newInstance0(Native Method)
at sun.reflect.NativeConstructorAccessorImpl.newInstance(NativeConstructorAccessorImpl.java:62)
at sun.reflect.DelegatingConstructorAccessorImpl.newInstance(DelegatingConstructorAccessorImpl.java:45)
at java.lang.reflect.Constructor.newInstance(Constructor.java:423)
at org.openqa.selenium.remote.ErrorHandler.createThrowable(ErrorHandler.java:204)
at org.openqa.selenium.remote.ErrorHandler.throwIfResponseFailed(ErrorHandler.java:156)
at org.openqa.selenium.remote.RemoteWebDriver.execute(RemoteWebDriver.java:599)
at org.openqa.selenium.remote.RemoteWebDriver.findElement(RemoteWebDriver.java:352)
at org.openqa.selenium.remote.RemoteWebDriver.findElementById(RemoteWebDriver.java:393)
at org.openqa.selenium.By$ById.findElement(By.java:214)
at org.openqa.selenium.remote.RemoteWebDriver.findElement(RemoteWebDriver.java:344)
at com.a.dianqingoa.base.DriverBase.findElement(DriverBase.java:52)
at com.c.dianqingoa.page.BasePage.findElement(BasePage.java:39)
at com.c.dianqingoa.page.HomePage.getUserNameElement(HomePage.java:27)
at com.f.dianqingoa.testcase.SuiteTest001_Login.testLogin(SuiteTest001_Login.java:57)
at sun.reflect.NativeMethodAccessorImpl.invoke0(Native Method)
at sun.reflect.NativeMethodAccessorImpl.invoke(NativeMethodAccessorImpl.java:62)
at sun.reflect.DelegatingMethodAccessorImpl.invoke(DelegatingMethodAccessorImpl.java:43)
at java.lang.reflect.Method.invoke(Method.java:498)
at org.testng.internal.MethodInvocationHelper.invokeMethod(MethodInvocationHelper.java:124)
at org.testng.internal.Invoker.invokeMethod(Invoker.java:580)
at org.testng.internal.Invoker.retryFailed(Invoker.java:838)
at org.testng.internal.Invoker.invokeTestMethods(Invoker.java:1009)
at org.testng.internal.TestMethodWorker.invokeTestMethods(TestMethodWorker.java:125)
at org.testng.internal.TestMethodWorker.run(TestMethodWorker.java:109)
at java.util.concurrent.ThreadPoolExecutor.runWorker(ThreadPoolExecutor.java:1142)
at java.util.concurrent.ThreadPoolExecutor$Worker.run(ThreadPoolExecutor.java:617)
at java.lang.Thread.run(Thread.java:745)
]]>
            </full-stacktrace>
          </exception> <!-- org.openqa.selenium.NoSuchElementException -->
          <reporter-output>
            <line>
              <![CDATA[RunCount=3]]>
            </line>
          </reporter-output>
        </test-method> <!-- testLogin -->
        <test-method status="PASS" signature="afterClass()[pri:0, instance:com.f.dianqingoa.testcase.SuiteTest001_Login@290dbf45]" name="afterClass" is-config="true" duration-ms="2177" started-at="2019-07-23T08:34:54Z" finished-at="2019-07-23T08:34:56Z">
          <reporter-output>
          </reporter-output>
        </test-method> <!-- afterClass -->
      </class> <!-- com.f.dianqingoa.testcase.SuiteTest001_Login -->
    </test> <!-- Test1 -->
    <test name="Test2" duration-ms="109212" started-at="2019-07-23T08:34:56Z" finished-at="2019-07-23T08:36:46Z">
      <class name="com.f.dianqingoa.testcase.SuiteTest002_Logout">
        <test-method status="PASS" signature="beforeClass()[pri:0, instance:com.f.dianqingoa.testcase.SuiteTest002_Logout@1c72da34]" name="beforeClass" is-config="true" duration-ms="25067" started-at="2019-07-23T08:34:56Z" finished-at="2019-07-23T08:35:21Z">
          <reporter-output>
          </reporter-output>
        </test-method> <!-- beforeClass -->
        <test-method status="PASS" signature="testLogout()[pri:0, instance:com.f.dianqingoa.testcase.SuiteTest002_Logout@1c72da34]" name="testLogout" duration-ms="3046" started-at="2019-07-23T08:35:21Z" finished-at="2019-07-23T08:35:24Z">
          <reporter-output>
          </reporter-output>
        </test-method> <!-- testLogout -->
        <test-method status="PASS" signature="afterClass()[pri:0, instance:com.f.dianqingoa.testcase.SuiteTest002_Logout@1c72da34]" name="afterClass" is-config="true" duration-ms="3228" started-at="2019-07-23T08:35:24Z" finished-at="2019-07-23T08:35:28Z">
          <reporter-output>
          </reporter-output>
        </test-method> <!-- afterClass -->
      </class> <!-- com.f.dianqingoa.testcase.SuiteTest002_Logout -->
      <class name="com.f.dianqingoa.testcase.SuiteTest003_SwitchTitle">
        <test-method status="PASS" signature="beforeClass()[pri:0, instance:com.f.dianqingoa.testcase.SuiteTest003_SwitchTitle@6b0c2d26]" name="beforeClass" is-config="true" duration-ms="27526" started-at="2019-07-23T08:35:28Z" finished-at="2019-07-23T08:35:55Z">
          <reporter-output>
          </reporter-output>
        </test-method> <!-- beforeClass -->
        <test-method status="PASS" signature="test01_switchCourse()[pri:0, instance:com.f.dianqingoa.testcase.SuiteTest003_SwitchTitle@6b0c2d26]" name="test01_switchCourse" duration-ms="3985" started-at="2019-07-23T08:35:55Z" finished-at="2019-07-23T08:35:59Z">
          <reporter-output>
          </reporter-output>
        </test-method> <!-- test01_switchCourse -->
        <test-method status="PASS" signature="test02_switchPracticalCourse()[pri:0, instance:com.f.dianqingoa.testcase.SuiteTest003_SwitchTitle@6b0c2d26]" name="test02_switchPracticalCourse" duration-ms="10621" started-at="2019-07-23T08:35:59Z" finished-at="2019-07-23T08:36:10Z">
          <reporter-output>
          </reporter-output>
        </test-method> <!-- test02_switchPracticalCourse -->
        <test-method status="PASS" signature="test03_switchEmploymentClasses()[pri:0, instance:com.f.dianqingoa.testcase.SuiteTest003_SwitchTitle@6b0c2d26]" name="test03_switchEmploymentClasses" duration-ms="12050" started-at="2019-07-23T08:36:10Z" finished-at="2019-07-23T08:36:22Z">
          <reporter-output>
          </reporter-output>
        </test-method> <!-- test03_switchEmploymentClasses -->
        <test-method status="PASS" signature="test04_switchSpecialColumn()[pri:0, instance:com.f.dianqingoa.testcase.SuiteTest003_SwitchTitle@6b0c2d26]" name="test04_switchSpecialColumn" duration-ms="10305" started-at="2019-07-23T08:36:22Z" finished-at="2019-07-23T08:36:32Z">
          <reporter-output>
          </reporter-output>
        </test-method> <!-- test04_switchSpecialColumn -->
        <test-method status="PASS" signature="test05_switchApeAsk()[pri:0, instance:com.f.dianqingoa.testcase.SuiteTest003_SwitchTitle@6b0c2d26]" name="test05_switchApeAsk" duration-ms="4608" started-at="2019-07-23T08:36:32Z" finished-at="2019-07-23T08:36:37Z">
          <reporter-output>
          </reporter-output>
        </test-method> <!-- test05_switchApeAsk -->
        <test-method status="PASS" signature="test06_switchNotes()[pri:0, instance:com.f.dianqingoa.testcase.SuiteTest003_SwitchTitle@6b0c2d26]" name="test06_switchNotes" duration-ms="5353" started-at="2019-07-23T08:36:37Z" finished-at="2019-07-23T08:36:42Z">
          <reporter-output>
          </reporter-output>
        </test-method> <!-- test06_switchNotes -->
        <test-method status="PASS" signature="afterClass()[pri:0, instance:com.f.dianqingoa.testcase.SuiteTest003_SwitchTitle@6b0c2d26]" name="afterClass" is-config="true" duration-ms="3403" started-at="2019-07-23T08:36:42Z" finished-at="2019-07-23T08:36:46Z">
          <reporter-output>
          </reporter-output>
        </test-method> <!-- afterClass -->
      </class> <!-- com.f.dianqingoa.testcase.SuiteTest003_SwitchTitle -->
    </test> <!-- Test2 -->
  </suite> <!-- Suite -->
</testng-results>
